<?xml version="1.0" encoding="UTF-8"?>
<!-- Generated by org.testng.reporters.JUnitReportReporter -->
<testsuite hostname="Personal-PC" failures="0" tests="1" name="testCases.LoginTest" time="0.610" errors="0" timestamp="2025-03-15T12:20:56 IST" skipped="0">
  <testcase classname="testCases.LoginTest" name="testLogin" time="0.610"/>
</testsuite> <!-- testCases.LoginTest -->
